2011-09-23 08:50:57,975 - os.name - Windows XP
2011-09-23 08:50:57,975 - os.arch - x86
2011-09-23 08:50:57,975 - os.version - 5.1
2011-09-23 08:50:57,975 - java.version - 1.7.0-ea
2011-09-23 08:50:57,975 - java.vendor - Sun Microsystems Inc.
2011-09-23 08:50:57,975 - java.vendor.url - http://java.sun.com/
2011-09-23 08:50:57,975 - java.home - C:\Arquivos de programas\Java\jre1.7.0
2011-09-23 08:50:57,990 - java.vm.specification.name - Java Virtual Machine Specification
2011-09-23 08:50:57,990 - java.vm.specification.vendor - Sun Microsystems Inc.
2011-09-23 08:50:57,990 - java.vm.specification.version - 1.0
2011-09-23 08:50:57,990 - java.class.path - C:\Arquivos de programas\Motorola Mobility\MOTODEV Studio for Android 2.1\plugins/org.eclipse.equinox.launcher_1.1.0.v20100507.jar
2011-09-23 08:50:57,990 - java.library.path - C:\Arquivos de programas\Motorola Mobility\MOTODEV Studio for Android 2.1;.;C:\WINDOWS\Sun\Java\bin;C:\WINDOWS\system32;C:\WINDOWS;C:/Arquivos de programas/Java/jre1.7.0/bin/client;C:/Arquivos de programas/Java/jre1.7.0/bin;C:/Arquivos de programas/Java/jre1.7.0/lib/i386;C:\Arquivos de programas\PC Connectivity Solution\;C:\WinAVR-20090313\bin;C:\WinAVR-20090313\utils\bin;C:\Arquivos de programas\CodeGear\RAD Studio\6.0\bin;C:\Documents and Settings\All Users\Documentos\RAD Studio\6.0\Bpl;C:\WINDOWS\system32;C:\WINDOWS;C:\WINDOWS\system32\WBEM;C:\Arquivos de programas\Borland\Delphi7\Bin;C:\Arquivos de programas\Borland\Delphi7\Projects\Bpl\;C:\WINDOWS\Microsoft.NET\Framework\v1.1.4322\;C:\Arquivos de programas\Borland\BDS\4.0\Bin;C:\Arquivos de programas\Arquivos comuns\GTK\2.0\bin;C:\Arquivos de programas\Microsoft SQL Server\80\Tools\BINN;c:\Arquivos de programas\Microsoft SQL Server\90\Tools\binn\;C:\Arquivos de programas\Java\jdk1.6.0\bin;C:\Arquivos de programas\Arquivos comuns\GTK\2.0\bin;C:\Arquivos de programas\Glade3\bin;C:\Arquivos de programas\Microsoft SQL Server\100\DTS\Binn\;C:\Arquivos de programas\Microsoft SQL Server\100\Tools\Binn\VSShell\Common7\IDE\;C:\Arquivos de programas\Microsoft SQL Server\100\Tools\Binn\;C:\WINDOWS\system32\WindowsPowerShell\v1.0;C:\Arquivos de programas\IVT Corporation\BlueSoleil\Mobile;C:\WINDOWS\system32\Wbem;C:\Documents and Settings\u09730\Meus documentos\Borland Studio Projects\Bpl
2011-09-23 08:50:57,990 - --------------------------------------
2011-09-23 08:50:57,990 - ## Eclipse Plug-ins Log Information ##
2011-09-23 08:50:57,990 - --------------------------------------
2011-09-23 08:50:58,006 - org.eclipse.datatools.connectivity.oda.design.ui - 3.2.4.v201007150318
2011-09-23 08:50:58,006 - org.eclipse.datatools.connectivity.oda.flatfile.ui - 3.1.1.v201001131420
2011-09-23 08:50:58,006 - org.eclipse.datatools.connectivity.ui.dse - 1.1.4.v201004270430
2011-09-23 08:50:58,022 - org.eclipse.datatools.connectivity.ui - 1.2.0.v201006250003
2011-09-23 08:50:58,022 - org.eclipse.datatools.connectivity.sqm.core - 1.2.1.v201008120113
2011-09-23 08:50:58,022 - org.eclipse.datatools.help - 1.5.0.v200906020553
2011-09-23 08:50:58,022 - org.eclipse.wst.common.project.facet.core - 1.4.102.v201008170019
2011-09-23 08:50:58,022 - org.eclipse.wst.common.project.facet.ui - 1.4.102.v201008170019
2011-09-23 08:50:58,037 - com.android.ide.eclipse.hierarchyviewer - 10.0.0.v201102162101-104271
2011-09-23 08:50:58,053 - org.eclipse.team.svn - 0.7.9.I20100512-1900
2011-09-23 08:50:58,053 - org.eclipse.team.svn.core - 0.7.9.I20100512-1900
2011-09-23 08:50:58,053 - org.eclipse.team.svn.ui - 0.7.9.I20100512-1900
2011-09-23 08:50:58,069 - org.eclipse.team.svn.help - 0.7.9.I20100512-1900
2011-09-23 08:50:58,069 - org.eclipse.datatools.doc.user - 1.7.0.20090521092446
2011-09-23 08:50:58,069 - org.eclipse.datatools.oda.cshelp - 1.1.1.v200907031118
2011-09-23 08:50:58,069 - org.eclipse.datatools.help - 1.5.0.v200906020553
2011-09-23 08:50:58,084 - org.eclipse.emf.codegen.ui - 2.6.0.v20100914-1218
2011-09-23 08:50:58,084 - org.eclipse.emf.ecore - 2.6.1.v20100914-1218
2011-09-23 08:50:58,084 - org.eclipse.emf.ecore.change - 2.5.1.v20100907-1643
2011-09-23 08:50:58,084 - org.eclipse.emf.ecore.xmi - 2.5.0.v20100521-1846
2011-09-23 08:50:58,100 - org.eclipse.mat.report - 1.0.1.201008091353
2011-09-23 08:50:58,115 - org.eclipse.mat.api - 1.0.1.201008091353
2011-09-23 08:50:58,115 - org.eclipse.mat.hprof - 1.0.1.201008091353
2011-09-23 08:50:58,131 - org.eclipse.mat.parser - 1.0.1.201008091353
2011-09-23 08:50:58,131 - org.eclipse.mat.ui - 1.0.1.201008091353
2011-09-23 08:50:58,131 - org.eclipse.mat.ui.help - 1.0.1.201008091353
2011-09-23 08:50:58,147 - org.eclipse.mat.jdt - 1.0.1.201008091353
2011-09-23 08:50:58,147 - org.eclipse.mat.dtfj - 1.0.1.201008091353
2011-09-23 08:50:58,147 - org.eclipse.mat.ibmdumps - 1.0.1.201008091353
2011-09-23 08:50:58,162 - java_cup.runtime - 0.10.0.v201005080400
2011-09-23 08:50:58,162 - org.apache.xerces - 2.9.0.v201005080400
2011-09-23 08:50:58,162 - org.eclipse.wst.xml.xpath2.processor - 1.1.3.v201009091745
2011-09-23 08:50:58,162 - org.eclipse.wst.xml.xpath2 - 1.1.0.v200910101444
2011-09-23 08:50:58,178 - org.eclipse.wst.xml.xpath2.processor.doc.user - 1.0.0.v201005240426
2011-09-23 08:50:58,178 - org.eclipse.datatools.common.doc.user - 1.7.0.20090521092446
2011-09-23 08:50:58,178 - org.eclipse.egit.core - 0.9.3
2011-09-23 08:50:58,178 - org.eclipse.egit.ui - 0.9.3
2011-09-23 08:50:58,178 - org.eclipse.egit - 0.9.3
2011-09-23 08:50:58,194 - org.eclipse.egit.doc - 0.9.3
2011-09-23 08:50:58,194 - com.motorolamobility.preflighting.ui - 0.7.1.release
2011-09-23 08:50:58,194 - com.motorolamobility.preflighting.tooldocs.validator.helpbase - 0.7.0.release
2011-09-23 08:50:58,194 - org.eclipse.jgit - 0.9.3
2011-09-23 08:50:58,209 - org.eclipse.wst.xsl.core - 1.1.0.v201004290328
2011-09-23 08:50:58,209 - org.eclipse.wst.xsl.debug.ui - 1.0.100.v201004290328
2011-09-23 08:50:58,209 - org.eclipse.wst.xsl.launching - 1.0.100.v201004290328
2011-09-23 08:50:58,209 - org.eclipse.wst.xsl.xalan - 1.0.1.v201004290328
2011-09-23 08:50:58,225 - org.eclipse.wst.xsl.ui - 1.1.1.v201009091745
2011-09-23 08:50:58,225 - org.eclipse.wst.xml.xpath.ui - 1.1.1.v201007022358
2011-09-23 08:50:58,240 - org.apache.xalan - 2.7.1.v201005080400
2011-09-23 08:50:58,240 - org.apache.commons.logging - 1.0.4.v201005080501
2011-09-23 08:50:58,240 - org.eclipse.wst.xsl.doc - 1.0.100.v201004292007
2011-09-23 08:50:58,256 - org.eclipse.wst.xml.xpath.core - 1.1.1.v201007022358
2011-09-23 08:50:58,256 - org.apache.xml.serializer - 2.7.1.v201005080400
2011-09-23 08:50:58,256 - org.apache.bcel - 5.2.0.v201005080400
2011-09-23 08:50:58,256 - java_cup.runtime - 0.10.0.v201005080400
2011-09-23 08:50:58,256 - org.eclipse.wst.xsl.saxon - 1.0.100.v201004290328
2011-09-23 08:50:58,256 - org.eclipse.wst.xsl - 1.0.0.v200905250058
2011-09-23 08:50:58,272 - org.eclipse.wst.xsl.jaxp.debug - 1.0.100.v201004290328
2011-09-23 08:50:58,272 - org.eclipse.wst.xsl.jaxp.debug.ui - 1.0.100.v201004290328
2011-09-23 08:50:58,272 - org.eclipse.wst.xsl.jaxp.launching - 1.0.100.v201004290328
2011-09-23 08:50:58,272 - org.apache.log4j - 1.2.15.v201005080500
2011-09-23 08:50:58,272 - org.eclipse.wst.xsl.exslt.core - 1.0.0.v201005240426
2011-09-23 08:50:58,287 - org.eclipse.wst.xsl.exslt.ui - 1.0.0.v201006012005
2011-09-23 08:50:58,287 - org.eclipse.draw2d - 3.6.1.v20100913-2020
2011-09-23 08:50:58,287 - org.eclipse.sequoyah.device.common.utilities - 2.0.0.N20110110-1255
2011-09-23 08:50:58,303 - org.eclipse.emf.databinding.edit - 1.2.0.v20100914-1218
2011-09-23 08:50:58,303 - org.eclipse.emf.common - 2.6.0.v20100914-1218
2011-09-23 08:50:58,303 - org.eclipse.sequoyah.device.backward - 1.0.0.N20110110-1255
2011-09-23 08:50:58,303 - org.eclipse.sequoyah.device.framework - 2.0.0.N20110110-1255
2011-09-23 08:50:58,319 - org.eclipse.sequoyah.device.framework.ui - 2.0.0.N20110110-1255
2011-09-23 08:50:58,319 - org.eclipse.sequoyah.device.service.start - 1.0.1.N20110110-1255
2011-09-23 08:50:58,319 - org.eclipse.sequoyah.device.service.stop - 1.0.1.N20110110-1255
2011-09-23 08:50:58,319 - org.eclipse.sequoyah.device.framework.wizard - 1.0.2.N20110110-1255
2011-09-23 08:50:58,319 - org.eclipse.emf.ecore.edit - 2.6.0.v20100914-1218
2011-09-23 08:50:58,319 - org.eclipse.emf.ecore.change.edit - 2.5.0.v20100521-1846
2011-09-23 08:50:58,334 - org.eclipse.wst.dtd.ui - 1.0.500.v201004290328
2011-09-23 08:50:58,334 - org.eclipse.wst.dtd.ui.infopop - 1.0.300.v200805140200
2011-09-23 08:50:58,334 - org.eclipse.wst.sse.ui.infopop - 1.0.300.v201004150328
2011-09-23 08:50:58,334 - org.eclipse.wst.xml.ui.infopop - 1.0.400.v201004292007
2011-09-23 08:50:58,334 - org.eclipse.wst.sse.ui - 1.2.2.v201008232126
2011-09-23 08:50:58,334 - org.eclipse.wst.xml.ui - 1.1.102.v201008251905
2011-09-23 08:50:58,350 - org.eclipse.wst.xsd.ui - 1.2.303.v201004290328
2011-09-23 08:50:58,350 - org.eclipse.mat.chart - 1.0.1.201008091353
2011-09-23 08:50:58,350 - org.eclipse.mat.chart.ui - 1.0.1.201008091353
2011-09-23 08:50:58,350 - org.eclipse.datatools.connectivity.doc.user.contexts - 1.7.0.20090521092446
2011-09-23 08:50:58,350 - org.eclipse.datatools.connectivity.doc.user - 1.7.0.20090521092446
2011-09-23 08:50:58,365 - org.eclipse.emf.ecore.editor - 2.6.0.v20100914-1218
2011-09-23 08:50:58,365 - org.apache.ant - 1.7.1.v20100518-1145
2011-09-23 08:50:58,365 - org.eclipse.ant.core - 3.2.200.v20100427
2011-09-23 08:50:58,381 - com.jcraft.jsch - 0.1.41.v200903070017
2011-09-23 08:50:58,381 - org.eclipse.compare.core - 3.5.100.I20100526-0800
2011-09-23 08:50:58,381 - org.eclipse.compare - 3.5.100.I20100526-0800
2011-09-23 08:50:58,381 - org.eclipse.compare.win32 - 1.0.100.I20100505-1245
2011-09-23 08:50:58,381 - org.eclipse.core.boot - 3.1.200.v20100505
2011-09-23 08:50:58,381 - org.eclipse.core.filebuffers - 3.5.100.v20100520-0800
2011-09-23 08:50:58,381 - org.eclipse.core.filesystem - 1.3.1.R36x_v20100727-0745
2011-09-23 08:50:58,397 - org.eclipse.core.net - 1.2.100.I20100511-0800
2011-09-23 08:50:58,397 - org.eclipse.core.net.win32.x86 - 1.0.100.I20100511-0800
2011-09-23 08:50:58,397 - org.eclipse.core.resources - 3.6.0.R36x_v20100825-0600
2011-09-23 08:50:58,397 - org.eclipse.core.runtime.compatibility - 3.2.100.v20100505
2011-09-23 08:50:58,397 - org.eclipse.core.runtime.compatibility.registry - 3.3.0.v20100520
2011-09-23 08:50:58,397 - org.eclipse.osgi.util - 3.2.100.v20100503
2011-09-23 08:50:58,397 - org.eclipse.debug.core - 3.6.0.v20100519
2011-09-23 08:50:58,412 - org.eclipse.debug.ui - 3.6.1.v20100901_r361
2011-09-23 08:50:58,412 - org.eclipse.equinox.event - 1.2.0.v20100503
2011-09-23 08:50:58,412 - org.eclipse.help.appserver - 3.1.400.v20100427
2011-09-23 08:50:58,412 - org.eclipse.ltk.core.refactoring - 3.5.100.v20100526-0800
2011-09-23 08:50:58,428 - org.eclipse.ltk.ui.refactoring - 3.5.0.v20100526-0800
2011-09-23 08:50:58,428 - org.eclipse.platform - 3.6.1.v201009090800
2011-09-23 08:50:58,428 - org.eclipse.platform.doc.user - 3.6.1.r361_v20100825-0800
2011-09-23 08:50:58,428 - org.eclipse.search - 3.6.0.v20100520-0800
2011-09-23 08:50:58,428 - org.eclipse.team.core - 3.5.100.R36x_v20100825-0800
2011-09-23 08:50:58,428 - org.eclipse.team.ui - 3.5.101.R36x_v20100825-0800
2011-09-23 08:50:58,444 - org.eclipse.text - 3.5.0.v20100601-1300
2011-09-23 08:50:58,444 - org.eclipse.jface.text - 3.6.1.r361_v20100825-0800
2011-09-23 08:50:58,444 - org.eclipse.jsch.core - 1.1.200.I20100505-1245
2011-09-23 08:50:58,444 - org.eclipse.jsch.ui - 1.1.300.I20100505-1245
2011-09-23 08:50:58,444 - org.eclipse.ui.console - 3.5.0.v20100526
2011-09-23 08:50:58,444 - org.eclipse.ui.presentations.r21 - 3.2.200.I20100517-1500
2011-09-23 08:50:58,459 - org.eclipse.ui.intro - 3.4.0.v20100427
2011-09-23 08:50:58,459 - org.eclipse.ui.intro.universal - 3.2.402.r36_v20100702
2011-09-23 08:50:58,459 - org.eclipse.ui.cheatsheets - 3.4.0.v20100427
2011-09-23 08:50:58,459 - org.eclipse.ui.browser - 3.3.0.v20100517
2011-09-23 08:50:58,459 - org.eclipse.ui.navigator - 3.5.0.I20100601-0800
2011-09-23 08:50:58,459 - org.eclipse.ui.navigator.resources - 3.4.201.M20100707-0800
2011-09-23 08:50:58,475 - org.eclipse.ui.net - 1.2.100.I20100505-1245
2011-09-23 08:50:58,475 - org.eclipse.ui.workbench.texteditor - 3.6.1.r361_v20100714-0800
2011-09-23 08:50:58,475 - org.eclipse.ui.views - 3.5.0.I20100527-0800
2011-09-23 08:50:58,475 - org.eclipse.ui.editors - 3.6.1.r361_v20100825-0800
2011-09-23 08:50:58,475 - org.eclipse.ui.externaltools - 3.2.0.v20100427
2011-09-23 08:50:58,475 - org.eclipse.ui.ide - 3.6.1.M20100825-0800
2011-09-23 08:50:58,475 - org.eclipse.ui.ide.application - 1.0.201.M20100707-0800
2011-09-23 08:50:58,475 - org.eclipse.ui.win32 - 3.2.200.I20100509-0800
2011-09-23 08:50:58,490 - org.eclipse.update.core - 3.2.402.R36x_v20100629
2011-09-23 08:50:58,490 - org.eclipse.update.scheduler - 3.2.300.v20100512
2011-09-23 08:50:58,490 - org.eclipse.update.ui - 3.2.300.v20100512
2011-09-23 08:50:58,490 - org.eclipse.ui.workbench.compatibility - 3.2.100.I20100511-0800
2011-09-23 08:50:58,490 - org.eclipse.core.filesystem.win32.x86 - 1.1.201.R36x_v20100727-0745
2011-09-23 08:50:58,506 - org.eclipse.core.resources.win32.x86 - 3.5.100.v20100505-1345
2011-09-23 08:50:58,506 - org.eclipse.core.variables - 3.2.400.v20100505
2011-09-23 08:50:58,506 - org.eclipse.ui.forms - 3.5.2.r36_v20100702
2011-09-23 08:50:58,506 - org.eclipse.update.core.win32 - 3.2.200.v20100512
2011-09-23 08:50:58,506 - org.eclipse.ui.views.properties.tabbed - 3.5.100.I20100509-0800
2011-09-23 08:50:58,506 - org.eclipse.equinox.security - 1.0.200.v20100503
2011-09-23 08:50:58,522 - org.eclipse.equinox.security.ui - 1.0.200.v20100503
2011-09-23 08:50:58,522 - org.eclipse.equinox.security.win32.x86 - 1.0.200.v20100503
2011-09-23 08:50:58,522 - org.eclipse.core.externaltools - 1.0.1.v20100831_r361
2011-09-23 08:50:58,522 - javax.servlet - 2.5.0.v200910301333
2011-09-23 08:50:58,522 - javax.servlet.jsp - 2.0.0.v200806031607
2011-09-23 08:50:58,522 - org.apache.commons.el - 1.0.0.v201004212143
2011-09-23 08:50:58,522 - org.apache.commons.logging - 1.0.4.v201005080501
2011-09-23 08:50:58,537 - org.apache.jasper - 5.5.17.v201004212143
2011-09-23 08:50:58,537 - org.apache.lucene - 1.9.1.v20100518-1140
2011-09-23 08:50:58,537 - org.apache.lucene.analysis - 1.9.1.v20100518-1140
2011-09-23 08:50:58,537 - org.eclipse.equinox.http.jetty - 2.0.0.v20100503
2011-09-23 08:50:58,537 - org.eclipse.equinox.http.registry - 1.1.0.v20100503
2011-09-23 08:50:58,537 - org.eclipse.equinox.http.servlet - 1.1.0.v20100503
2011-09-23 08:50:58,553 - org.eclipse.equinox.jsp.jasper - 1.0.200.v20100421
2011-09-23 08:50:58,553 - org.eclipse.equinox.jsp.jasper.registry - 1.0.200.v20100503
2011-09-23 08:50:58,553 - org.eclipse.help.base - 3.5.2.v201009090800
2011-09-23 08:50:58,553 - org.eclipse.help.ui - 3.5.2.r36_v20100702
2011-09-23 08:50:58,553 - org.eclipse.help.webapp - 3.5.2.r36_r20100816
2011-09-23 08:50:58,553 - org.mortbay.jetty.server - 6.1.23.v201004211559
2011-09-23 08:50:58,569 - org.mortbay.jetty.util - 6.1.23.v201004211559
2011-09-23 08:50:58,569 - org.eclipse.emf.codegen.ecore - 2.6.1.v20100914-1218
2011-09-23 08:50:58,569 - org.eclipse.emf.ant - 2.6.1.v20100905-1631
2011-09-23 08:50:58,569 - org.eclipse.emf.databinding - 1.2.0.v20100914-1218
2011-09-23 08:50:58,569 - net.sourceforge.lpg.lpgjavaruntime - 1.1.0.v201004271650
2011-09-23 08:50:58,584 - org.eclipse.datatools.sqltools.parsers.sql.lexer - 1.0.1.v200906030654
2011-09-23 08:50:58,600 - org.eclipse.datatools.sqltools.parsers.sql.query - 1.2.0.v201004291415
2011-09-23 08:50:58,600 - org.eclipse.datatools.sqltools.parsers.sql.xml.query - 1.0.0.v200906022302
2011-09-23 08:50:58,600 - org.eclipse.datatools.sqltools.parsers.sql - 1.0.2.v201004291415
2011-09-23 08:50:58,600 - org.eclipse.datatools.enablement.sqlite - 1.0.0.v201002041100
2011-09-23 08:50:58,600 - org.eclipse.datatools.enablement.sqlite.dbdefinition - 1.0.1.v201002041100
2011-09-23 08:50:58,615 - org.eclipse.datatools.enablement.sqlite.ui - 1.0.0.v200906020900
2011-09-23 08:50:58,615 - org.eclipse.datatools.enablement.finfo - 1.5.1.v200906161800
2011-09-23 08:50:58,615 - biz.junginger.rss.eclipse.RssPlugin - 1.5.0
2011-09-23 08:50:58,615 - org.eclipse.jdt - 3.6.1.v201009090800
2011-09-23 08:50:58,631 - org.eclipse.ant.ui - 3.5.0.v20100427
2011-09-23 08:50:58,631 - org.eclipse.jdt.apt.core - 3.3.401.R36_v20100727-0110
2011-09-23 08:50:58,631 - org.eclipse.jdt.apt.ui - 3.3.300.v20100513-0845
2011-09-23 08:50:58,631 - org.eclipse.jdt.apt.pluggable.core - 1.0.301.R36_v20100727-0110
2011-09-23 08:50:58,631 - org.eclipse.jdt.compiler.apt - 1.0.300.v20100513-0845
2011-09-23 08:50:58,647 - org.eclipse.jdt.compiler.tool - 1.0.100.v_A68_R36x
2011-09-23 08:50:58,647 - org.eclipse.jdt.core - 3.6.1.v_A68_R36x
2011-09-23 08:50:58,647 - org.eclipse.jdt.core.manipulation - 1.3.0.v20100520-0800
2011-09-23 08:50:58,647 - org.eclipse.jdt.debug.ui - 3.5.0.v20100602-0830
2011-09-23 08:50:58,647 - org.eclipse.jdt.debug - 3.6.1.v20100715_r361
2011-09-23 08:50:58,647 - org.eclipse.jdt.junit - 3.6.1.r361_v20100825-0800
2011-09-23 08:50:58,662 - org.eclipse.jdt.junit.core - 3.6.1.r361_v20100825-0800
2011-09-23 08:50:58,662 - org.eclipse.jdt.junit.runtime - 3.4.200.v20100526-0800
2011-09-23 08:50:58,662 - org.eclipse.jdt.junit4.runtime - 1.1.100.v20100526-0800
2011-09-23 08:50:58,662 - org.eclipse.jdt.launching - 3.5.100.v20100526
2011-09-23 08:50:58,662 - org.eclipse.jdt.ui - 3.6.1.r361_v20100825-0800
2011-09-23 08:50:58,662 - org.junit - 4.8.1.v4_8_1_v20100427-1100
2011-09-23 08:50:58,662 - org.junit - 4.8.1.v4_8_1_v20100427-1100
2011-09-23 08:50:58,678 - org.junit4 - 4.8.1.v20100525
2011-09-23 08:50:58,678 - org.hamcrest.core - 1.1.0.v20090501071000
2011-09-23 08:50:58,678 - org.eclipse.jdt.doc.user - 3.6.1.r361_v20100721-0800
2011-09-23 08:50:58,678 - org.eclipse.ant.launching - 1.0.0.v20100427
2011-09-23 08:50:58,678 - org.eclipse.emf.edit.ui - 2.6.0.v20100914-1218
2011-09-23 08:50:58,694 - org.eclipse.wst.jsdt.web.core - 1.0.302.v201009091745
2011-09-23 08:50:58,694 - org.eclipse.wst.jsdt.web.ui - 1.0.302.v201009091745
2011-09-23 08:50:58,694 - org.eclipse.wst.html.ui.infopop - 1.0.200.v201004150328
2011-09-23 08:50:58,694 - org.eclipse.wst.web.ui.infopop - 1.0.300.v200805140415
2011-09-23 08:50:58,694 - org.eclipse.wst.css.ui - 1.0.501.v201008232042
2011-09-23 08:50:58,709 - org.eclipse.wst.html.ui - 1.0.502.v201009010342
2011-09-23 08:50:58,709 - org.eclipse.wst.web.ui - 1.1.400.v201004141630
2011-09-23 08:50:58,709 - org.eclipse.mylyn.context.ui - 3.4.1.v20100909-0100-e3x
2011-09-23 08:50:58,709 - org.eclipse.mylyn.resources.ui - 3.4.1.v20100909-0100-e3x
2011-09-23 08:50:58,709 - org.eclipse.emf.mapping - 2.6.0.v20100914-1218
2011-09-23 08:50:58,725 - org.eclipse.emf.codegen.ecore.ui - 2.6.0.v20100914-1218
2011-09-23 08:50:58,725 - com.android.ide.eclipse.traceview - 10.0.0.v201102162101-104271
2011-09-23 08:50:58,740 - org.eclipse.datatools.sqltools.sql - 1.0.0.v200906022302
2011-09-23 08:50:58,740 - org.eclipse.datatools.sqltools.common.ui - 1.0.0.v200906022302
2011-09-23 08:50:58,740 - org.eclipse.datatools.sqltools.plan - 1.0.0.v200906022302
2011-09-23 08:50:58,740 - org.eclipse.datatools.sqltools.editor.core - 1.0.0.v201001150815
2011-09-23 08:50:58,740 - org.eclipse.datatools.sqltools.sqleditor - 1.0.1.v201005130745
2011-09-23 08:50:58,756 - org.eclipse.datatools.sqltools.ddlgen.ui - 1.0.1.v201002270530
2011-09-23 08:50:58,756 - org.eclipse.datatools.connectivity.db.generic - 1.0.1.v200908130547
2011-09-23 08:50:58,756 - org.eclipse.datatools.sqltools.editor.core.ui - 1.0.0.v201001150815
2011-09-23 08:50:58,756 - org.eclipse.datatools.sqltools.sql.ui - 1.0.0.v200906022302
2011-09-23 08:50:58,756 - com.motorola.studio.android - 2.1.1.release
2011-09-23 08:50:58,756 - com.motorola.studio.android.emulator - 2.1.0.release
2011-09-23 08:50:58,756 - com.motorola.studio.android.launch - 2.1.0.release
2011-09-23 08:50:58,772 - com.motorola.studio.android.packaging - 2.1.0.release
2011-09-23 08:50:58,772 - com.motorola.studio.android.packaging.ui - 2.1.0.release
2011-09-23 08:50:58,772 - com.motorola.studio.android.codesnippets - 2.1.0.release
2011-09-23 08:50:58,772 - com.motorola.studio.android.handset - 2.1.0.release
2011-09-23 08:50:58,772 - com.motorola.studio.android.handset.win32 - 2.1.0.release
2011-09-23 08:50:58,772 - com.motorola.studio.android.tooldocs.studio.helpbase - 2.1.0.release
2011-09-23 08:50:58,772 - com.motorola.studio.android.ss.provider - 2.0.0.release
2011-09-23 08:50:58,787 - com.motorola.studio.android.db - 2.1.0.release
2011-09-23 08:50:58,787 - com.motorola.studio.android.remote - 2.1.0.release
2011-09-23 08:50:58,787 - com.motorola.studio.android.product - 2.1.1.release
2011-09-23 08:50:58,787 - com.motorola.studio.android.win32.x86 - 2.1.0.release
2011-09-23 08:50:58,787 - com.motorola.studio.android.mat - 2.0.0.release
2011-09-23 08:50:58,787 - com.motorola.studio.android.devices.services - 2.1.0.release
2011-09-23 08:50:58,787 - com.motorola.studio.android.installer - 2.1.1.release
2011-09-23 08:50:58,787 - com.motorola.studio.android.ophone - 2.0.0.release
2011-09-23 08:50:58,803 - org.eclipse.emf - 2.6.0.v20100914-1218
2011-09-23 08:50:58,803 - org.eclipse.datatools.connectivity.oda.consumer - 3.2.3.v201005281018
2011-09-23 08:50:58,803 - org.eclipse.datatools.connectivity.oda.design - 3.3.1.v201008171206
2011-09-23 08:50:58,803 - org.eclipse.datatools.connectivity.oda.flatfile - 3.1.1.v201001131420
2011-09-23 08:50:58,803 - org.eclipse.datatools.connectivity.oda.profile - 3.2.4.v201007150318
2011-09-23 08:50:58,819 - org.eclipse.datatools.connectivity.oda - 3.3.1.v201008030730
2011-09-23 08:50:58,819 - org.eclipse.datatools.connectivity - 1.2.1.v201007142147
2011-09-23 08:50:58,834 - com.android.ide.eclipse.ddms - 10.0.0.v201102162101-104271
2011-09-23 08:50:58,834 - org.eclipse.emf.edit - 2.6.0.v20100914-1218
2011-09-23 08:50:58,834 - org.eclipse.emf.converter - 2.5.0.v20100914-1218
2011-09-23 08:50:58,834 - org.eclipse.emf.importer - 2.6.0.v20100521-1846
2011-09-23 08:50:58,834 - org.eclipse.emf.exporter - 2.6.0.v20100521-1846
2011-09-23 08:50:58,834 - org.eclipse.emf.importer.ecore - 2.6.0.v20100521-1846
2011-09-23 08:50:58,850 - org.eclipse.emf.importer.java - 2.6.0.v20100521-1846
2011-09-23 08:50:58,850 - org.eclipse.emf.importer.rose - 2.6.0.v20100521-1846
2011-09-23 08:50:58,850 - org.eclipse.datatools.sqltools.doc.user - 1.7.0.20090521092446
2011-09-23 08:50:58,850 - org.eclipse.datatools.sqltools.doc.user.contexts - 1.7.0.20090521092446
2011-09-23 08:50:58,850 - org.eclipse.datatools.connectivity.oda.template.ui - 3.2.1.v201004090942
2011-09-23 08:50:58,865 - org.eclipse.pde - 3.6.1.v201009090800
2011-09-23 08:50:58,865 - org.eclipse.pde.build - 3.6.1.R36x_v20100823
2011-09-23 08:50:58,865 - org.eclipse.pde.core - 3.6.1.v20100902_r361
2011-09-23 08:50:58,865 - org.eclipse.pde.junit.runtime - 3.4.100.v20100601
2011-09-23 08:50:58,865 - org.eclipse.pde.runtime - 3.4.200.v20100601
2011-09-23 08:50:58,865 - org.eclipse.pde.ui - 3.6.1.v20100810_r361
2011-09-23 08:50:58,881 - org.eclipse.pde.doc.user - 3.6.1.v20100727_r361
2011-09-23 08:50:58,881 - org.eclipse.pde.ui.templates - 3.4.200.v20100601
2011-09-23 08:50:58,881 - org.eclipse.ui.views.log - 1.0.100.v20100423
2011-09-23 08:50:58,881 - org.objectweb.asm - 3.2.0.v200909071300
2011-09-23 08:50:58,881 - org.eclipse.pde.api.tools - 1.0.202.v20100820_r361
2011-09-23 08:50:58,897 - org.eclipse.pde.api.tools.ui - 1.0.201.v20100820_r361
2011-09-23 08:50:58,897 - org.eclipse.pde.ds.core - 1.0.100.v20100601
2011-09-23 08:50:58,897 - org.eclipse.pde.ds.ui - 1.0.100.v20100601
2011-09-23 08:50:58,897 - org.eclipse.pde.launching - 3.6.0.v20100601
2011-09-23 08:50:58,897 - org.eclipse.pde.ua.core - 1.0.100.v20100504
2011-09-23 08:50:58,912 - org.eclipse.pde.ua.ui - 1.0.100.v20100504
2011-09-23 08:50:58,912 - com.motorola.studio.platform.logger - 3.0.0
2011-09-23 08:50:58,912 - com.motorola.studio.platform.feature.rcp.branding - 3.0.0
2011-09-23 08:50:58,912 - com.motorola.studio.platform.tools.sign.core - 3.0.0
2011-09-23 08:50:58,912 - com.motorola.studio.platform.tools.sign.ui - 3.0.0
2011-09-23 08:50:58,912 - com.motorola.studio.platform.tools.motocfg.core - 3.0.0
2011-09-23 08:50:58,912 - com.motorola.studio.platform.tools.motocfg.core.basic - 3.0.0
2011-09-23 08:50:58,928 - com.motorola.studio.platform.tools.motocfg.core.ui - 3.0.0
2011-09-23 08:50:58,928 - com.motorola.studio.platform.tools.motocfg.core.win32 - 3.0.0
2011-09-23 08:50:58,928 - com.motorola.studio.platform.tools.sign.ui.win32 - 3.0.0
2011-09-23 08:50:58,928 - com.motorola.studio.platform.tools.common - 3.0.0
2011-09-23 08:50:58,928 - com.motorola.studio.platform.core.runtime - 3.0.0
2011-09-23 08:50:58,928 - com.motorola.studio.platform.ui - 3.0.0
2011-09-23 08:50:58,928 - com.motorola.studio.platform.ui.win32 - 3.0.0
2011-09-23 08:50:58,944 - org.eclipse.emf.common.ui - 2.6.0.v20100914-1218
2011-09-23 08:50:58,944 - org.eclipse.emf.mapping.ecore.editor - 2.6.0.v20100914-1218
2011-09-23 08:50:58,944 - org.eclipse.emf.mapping.ecore2ecore.editor - 2.4.0.v20100521-1847
2011-09-23 08:50:58,944 - org.eclipse.emf.mapping.ecore2xml.ui - 2.5.0.v20100521-1847
2011-09-23 08:50:58,944 - org.eclipse.sequoyah.localization.tools - 2.0.0.N20110110-1255
2011-09-23 08:50:58,959 - org.eclipse.sequoyah.localization.editor - 2.0.0.N20110110-1255
2011-09-23 08:50:58,975 - com.android.ide.eclipse.adt - 10.0.0.v201102162101-104271
2011-09-23 08:50:58,975 - org.eclipse.sequoyah.localization.android - 2.0.0.N20110110-1255
2011-09-23 08:50:58,975 - org.eclipse.sequoyah.localization.android.help - 2.0.0.N20110110-1255
2011-09-23 08:50:58,975 - org.eclipse.datatools.modelbase.dbdefinition - 1.0.2.v201002130228
2011-09-23 08:50:58,990 - org.eclipse.datatools.modelbase.sql.edit - 1.0.1.v201002161452
2011-09-23 08:50:58,990 - org.eclipse.datatools.modelbase.sql.query - 1.1.1.v201008100700
2011-09-23 08:50:58,990 - org.eclipse.datatools.modelbase.sql.query.edit - 1.0.0.v200906022249
2011-09-23 08:50:58,990 - org.eclipse.datatools.modelbase.sql.xml.query - 1.0.1.v201004291415
2011-09-23 08:50:58,990 - org.eclipse.datatools.modelbase.sql - 1.0.4.v201002250945
2011-09-23 08:50:58,990 - org.eclipse.cvs - 1.0.500.v201009090800
2011-09-23 08:50:59,006 - org.eclipse.team.cvs.core - 3.3.300.I20100526-0800
2011-09-23 08:50:59,006 - org.eclipse.team.cvs.ssh2 - 3.2.300.I20100526-0800
2011-09-23 08:50:59,006 - org.eclipse.team.cvs.ui - 3.3.301.R36x_v20100825-0800
2011-09-23 08:50:59,006 - org.eclipse.gef - 3.6.1.v20100712-1224
2011-09-23 08:50:59,006 - com.motorola.studio.platform.core.product - 3.0.0
2011-09-23 08:50:59,022 - com.motorola.studio.platform.ui.intro - 3.0.0
2011-09-23 08:50:59,022 - com.motorola.studio.platform.feature.branding - 3.0.0
2011-09-23 08:50:59,022 - com.motorola.studio.platform.logger.collector - 3.0.0
2011-09-23 08:50:59,022 - org.eclipse.mylyn - 3.4.0.v20100608-0100-e3x
2011-09-23 08:50:59,022 - org.eclipse.mylyn.context.core - 3.4.1.v20100909-0100-e3x
2011-09-23 08:50:59,037 - org.eclipse.mylyn.tasks.ui - 3.4.2.v20100902-0100-e3x
2011-09-23 08:50:59,037 - org.eclipse.mylyn.monitor.ui - 3.4.0.v20100608-0100-e3x
2011-09-23 08:50:59,037 - org.eclipse.mylyn.tasks.core - 3.4.1.v20100730-0100-e3x
2011-09-23 08:50:59,037 - org.eclipse.mylyn.tasks.search - 3.4.0.v20100608-0100-e3x
2011-09-23 08:50:59,037 - org.eclipse.mylyn.monitor.core - 3.4.0.v20100608-0100-e3x
2011-09-23 08:50:59,037 - org.apache.commons.logging - 1.0.4.v201005080501
2011-09-23 08:50:59,037 - org.apache.commons.codec - 1.3.0.v20100518-1140
2011-09-23 08:50:59,037 - org.apache.commons.httpclient - 3.1.0.v201005080502
2011-09-23 08:50:59,053 - org.apache.commons.lang - 2.3.0.v201005080501
2011-09-23 08:50:59,053 - org.eclipse.mylyn.discovery.core - 3.4.0.v20100608-0100-e3x
2011-09-23 08:50:59,053 - org.eclipse.mylyn.discovery.ui - 3.4.0.v20100608-0100-e3x
2011-09-23 08:50:59,053 - org.eclipse.datatools.connectivity.sqm.core.ui - 1.2.0.v201002281800
2011-09-23 08:50:59,053 - org.eclipse.datatools.connectivity.sqm.core - 1.2.1.v201008120113
2011-09-23 08:50:59,053 - org.eclipse.datatools.connectivity.sqm.server.ui - 1.1.100.v200910270503
2011-09-23 08:50:59,069 - org.eclipse.datatools.connectivity.ui.dse - 1.1.4.v201004270430
2011-09-23 08:50:59,069 - org.eclipse.datatools.connectivity.ui - 1.2.0.v201006250003
2011-09-23 08:50:59,069 - org.eclipse.datatools.connectivity - 1.2.1.v201007142147
2011-09-23 08:50:59,069 - org.eclipse.datatools.help - 1.5.0.v200906020553
2011-09-23 08:50:59,069 - org.eclipse.datatools.connectivity.console.profile - 1.0.0.v200906020553
2011-09-23 08:50:59,069 - org.eclipse.datatools.sqltools.common.ui - 1.0.0.v200906022302
2011-09-23 08:50:59,069 - org.eclipse.datatools.sqltools.debugger.core - 1.0.1.v201005250945
2011-09-23 08:50:59,069 - org.eclipse.datatools.sqltools.editor.core - 1.0.0.v201001150815
2011-09-23 08:50:59,084 - org.eclipse.datatools.sqltools.plan - 1.0.0.v200906022302
2011-09-23 08:50:59,084 - org.eclipse.datatools.sqltools.routineeditor - 1.0.0.v201003161000
2011-09-23 08:50:59,084 - org.eclipse.datatools.sqltools.sql - 1.0.0.v200906022302
2011-09-23 08:50:59,084 - org.eclipse.datatools.sqltools.sqleditor - 1.0.1.v201005130745
2011-09-23 08:50:59,084 - org.eclipse.datatools.sqltools.sqlscrapbook - 1.0.1.v201005250945
2011-09-23 08:50:59,084 - org.eclipse.datatools.help - 1.5.0.v200906020553
2011-09-23 08:50:59,084 - org.eclipse.datatools.sqltools.db.generic - 1.0.0.v200906020900
2011-09-23 08:50:59,084 - org.eclipse.datatools.sqltools.debugger.core.ui - 1.0.0.v201003161000
2011-09-23 08:50:59,100 - org.eclipse.datatools.sqltools.editor.core.ui - 1.0.0.v201001150815
2011-09-23 08:50:59,100 - org.eclipse.datatools.sqltools.result.ui - 1.1.0.v201005261700
2011-09-23 08:50:59,100 - org.eclipse.datatools.sqltools.routineeditor.ui - 1.0.1.v201004060545
2011-09-23 08:50:59,100 - org.eclipse.datatools.sqltools.sql.ui - 1.0.0.v200906022302
2011-09-23 08:50:59,100 - com.ibm.icu - 4.2.1.v20100412
2011-09-23 08:50:59,115 - org.eclipse.core.commands - 3.6.0.I20100512-1500
2011-09-23 08:50:59,115 - org.eclipse.core.databinding - 1.3.100.I20100601-0800
2011-09-23 08:50:59,115 - org.eclipse.core.databinding.observable - 1.3.0.I20100601-0800
2011-09-23 08:50:59,115 - org.eclipse.core.databinding.property - 1.3.0.I20100601-0800
2011-09-23 08:50:59,115 - org.eclipse.core.databinding.beans - 1.2.100.I20100601-0800
2011-09-23 08:50:59,115 - org.eclipse.core.jobs - 3.5.1.R36x_v20100824
2011-09-23 08:50:59,131 - org.eclipse.core.expressions - 3.4.200.v20100505
2011-09-23 08:50:59,131 - org.eclipse.core.runtime - 3.6.0.v20100505
2011-09-23 08:50:59,131 - org.eclipse.core.runtime.compatibility.auth - 3.2.200.v20100517
2011-09-23 08:50:59,131 - org.eclipse.osgi - 3.6.1.R36x_v20100806
2011-09-23 08:50:59,131 - org.eclipse.osgi.services - 3.2.100.v20100503
2011-09-23 08:50:59,131 - org.eclipse.help - 3.5.0.v20100524
2011-09-23 08:50:59,131 - org.eclipse.swt - 3.6.1.v3655c
2011-09-23 08:50:59,131 - org.eclipse.jface - 3.6.1.M20100825-0800
2011-09-23 08:50:59,131 - org.eclipse.jface.databinding - 1.4.0.I20100601-0800
2011-09-23 08:50:59,147 - org.eclipse.ui - 3.6.1.M20100826-1330
2011-09-23 08:50:59,147 - org.eclipse.ui.workbench - 3.6.1.M20100826-1330
2011-09-23 08:50:59,147 - org.eclipse.update.configurator - 3.3.100.v20100512
2011-09-23 08:50:59,147 - org.eclipse.equinox.simpleconfigurator - 1.0.200.v20100503
2011-09-23 08:50:59,147 - org.eclipse.swt.win32.win32.x86 - 3.6.1.v3655c
2011-09-23 08:50:59,147 - org.eclipse.rcp - 3.6.0.v201009090800
2011-09-23 08:50:59,147 - org.eclipse.core.contenttype - 3.4.100.v20100505-1235
2011-09-23 08:50:59,147 - org.eclipse.equinox.app - 1.3.1.R36x_v20100803
2011-09-23 08:50:59,147 - org.eclipse.equinox.common - 3.6.0.v20100503
2011-09-23 08:50:59,147 - org.eclipse.equinox.ds - 1.2.1.R36x_v20100803
2011-09-23 08:50:59,147 - org.eclipse.equinox.util - 1.0.200.v20100503
2011-09-23 08:50:59,162 - org.eclipse.equinox.preferences - 3.3.0.v20100503
2011-09-23 08:50:59,162 - org.eclipse.equinox.registry - 3.5.0.v20100503
2011-09-23 08:50:59,162 - org.eclipse.equinox.launcher - 1.1.0.v20100507
2011-09-23 08:50:59,162 - org.eclipse.equinox.launcher.win32.win32.x86 - 1.1.1.R36x_v20100810
2011-09-23 08:50:59,162 - com.motorolamobility.preflighting - 0.7.1.release
2011-09-23 08:50:59,162 - com.motorolamobility.preflighting.core - 0.7.1.release
2011-09-23 08:50:59,162 - com.motorolamobility.preflighting.checkers - 0.7.1.release
2011-09-23 08:50:59,178 - org.eclipse.emf.mapping.ecore - 2.6.0.v20100914-1218
2011-09-23 08:50:59,178 - org.eclipse.emf.mapping.ecore2ecore - 2.5.0.v20100521-1847
2011-09-23 08:50:59,178 - org.eclipse.emf.mapping.ecore2xml - 2.5.0.v20100521-1847
2011-09-23 08:50:59,178 - org.eclipse.wst.jsdt.core - 1.1.2.v201009011528
2011-09-23 08:50:59,178 - org.eclipse.wst.jsdt.manipulation - 1.0.200.v201004150600
2011-09-23 08:50:59,194 - org.eclipse.wst.jsdt.ui - 1.1.2.v201009010353
2011-09-23 08:50:59,194 - org.eclipse.wst.jsdt.support.firefox - 1.0.300.v201004150600
2011-09-23 08:50:59,194 - org.eclipse.wst.jsdt.support.ie - 1.0.300.v201004150600
2011-09-23 08:50:59,194 - org.eclipse.wst.jsdt.doc - 1.0.301.v201007150153
2011-09-23 08:50:59,194 - org.eclipse.wst.jsdt.debug.core - 1.0.1.v201008170101
2011-09-23 08:50:59,194 - org.eclipse.wst.jsdt.debug.rhino - 1.0.1.v201008170101
2011-09-23 08:50:59,194 - org.eclipse.wst.jsdt.debug.rhino.debugger - 1.0.1.v201008170101
2011-09-23 08:50:59,209 - org.eclipse.wst.jsdt.debug.ui - 1.0.1.v201008170101
2011-09-23 08:50:59,209 - org.mozilla.javascript - 1.7.2.v201005080400
2011-09-23 08:50:59,209 - org.eclipse.emf.mapping.ui - 2.6.0.v20100914-1218
2011-09-23 08:50:59,209 - org.eclipse.emf.codegen - 2.6.0.v20100914-1218
2011-09-23 08:54:18,220 - os.name - Windows XP
2011-09-23 08:54:18,235 - os.arch - x86
2011-09-23 08:54:18,235 - os.version - 5.1
2011-09-23 08:54:18,235 - java.version - 1.7.0-ea
2011-09-23 08:54:18,235 - java.vendor - Sun Microsystems Inc.
2011-09-23 08:54:18,235 - java.vendor.url - http://java.sun.com/
2011-09-23 08:54:18,235 - java.home - C:\Arquivos de programas\Java\jre1.7.0
2011-09-23 08:54:18,235 - java.vm.specification.name - Java Virtual Machine Specification
2011-09-23 08:54:18,235 - java.vm.specification.vendor - Sun Microsystems Inc.
2011-09-23 08:54:18,235 - java.vm.specification.version - 1.0
2011-09-23 08:54:18,251 - java.class.path - C:\Arquivos de programas\Motorola Mobility\MOTODEV Studio for Android 2.1\plugins/org.eclipse.equinox.launcher_1.1.0.v20100507.jar
2011-09-23 08:54:18,251 - java.library.path - C:\Arquivos de programas\Motorola Mobility\MOTODEV Studio for Android 2.1;.;C:\WINDOWS\Sun\Java\bin;C:\WINDOWS\system32;C:\WINDOWS;C:/Arquivos de programas/Java/jre1.7.0/bin/client;C:/Arquivos de programas/Java/jre1.7.0/bin;C:/Arquivos de programas/Java/jre1.7.0/lib/i386;C:\Arquivos de programas\PC Connectivity Solution\;C:\WinAVR-20090313\bin;C:\WinAVR-20090313\utils\bin;C:\Arquivos de programas\CodeGear\RAD Studio\6.0\bin;C:\Documents and Settings\All Users\Documentos\RAD Studio\6.0\Bpl;C:\WINDOWS\system32;C:\WINDOWS;C:\WINDOWS\system32\WBEM;C:\Arquivos de programas\Borland\Delphi7\Bin;C:\Arquivos de programas\Borland\Delphi7\Projects\Bpl\;C:\WINDOWS\Microsoft.NET\Framework\v1.1.4322\;C:\Arquivos de programas\Borland\BDS\4.0\Bin;C:\Arquivos de programas\Arquivos comuns\GTK\2.0\bin;C:\Arquivos de programas\Microsoft SQL Server\80\Tools\BINN;c:\Arquivos de programas\Microsoft SQL Server\90\Tools\binn\;C:\Arquivos de programas\Java\jdk1.6.0\bin;C:\Arquivos de programas\Arquivos comuns\GTK\2.0\bin;C:\Arquivos de programas\Glade3\bin;C:\Arquivos de programas\Microsoft SQL Server\100\DTS\Binn\;C:\Arquivos de programas\Microsoft SQL Server\100\Tools\Binn\VSShell\Common7\IDE\;C:\Arquivos de programas\Microsoft SQL Server\100\Tools\Binn\;C:\WINDOWS\system32\WindowsPowerShell\v1.0;C:\Arquivos de programas\IVT Corporation\BlueSoleil\Mobile;C:\WINDOWS\system32\Wbem;C:\Documents and Settings\u09730\Meus documentos\Borland Studio Projects\Bpl
2011-09-23 08:54:18,298 - --------------------------------------
2011-09-23 08:54:18,298 - ## Eclipse Plug-ins Log Information ##
2011-09-23 08:54:18,298 - --------------------------------------
2011-09-23 08:54:18,298 - org.eclipse.datatools.connectivity.oda.design.ui - 3.2.4.v201007150318
2011-09-23 08:54:18,313 - org.eclipse.datatools.connectivity.oda.flatfile.ui - 3.1.1.v201001131420
2011-09-23 08:54:18,313 - org.eclipse.datatools.connectivity.ui.dse - 1.1.4.v201004270430
2011-09-23 08:54:18,313 - org.eclipse.datatools.connectivity.ui - 1.2.0.v201006250003
2011-09-23 08:54:18,313 - org.eclipse.datatools.connectivity.sqm.core - 1.2.1.v201008120113
2011-09-23 08:54:18,313 - org.eclipse.datatools.help - 1.5.0.v200906020553
2011-09-23 08:54:18,329 - org.eclipse.wst.common.project.facet.core - 1.4.102.v201008170019
2011-09-23 08:54:18,329 - org.eclipse.wst.common.project.facet.ui - 1.4.102.v201008170019
2011-09-23 08:54:18,345 - com.android.ide.eclipse.hierarchyviewer - 10.0.0.v201102162101-104271
2011-09-23 08:54:18,345 - org.eclipse.team.svn - 0.7.9.I20100512-1900
2011-09-23 08:54:18,345 - org.eclipse.team.svn.core - 0.7.9.I20100512-1900
2011-09-23 08:54:18,360 - org.eclipse.team.svn.ui - 0.7.9.I20100512-1900
2011-09-23 08:54:18,360 - org.eclipse.team.svn.help - 0.7.9.I20100512-1900
2011-09-23 08:54:18,376 - org.eclipse.datatools.doc.user - 1.7.0.20090521092446
2011-09-23 08:54:18,376 - org.eclipse.datatools.oda.cshelp - 1.1.1.v200907031118
2011-09-23 08:54:18,376 - org.eclipse.datatools.help - 1.5.0.v200906020553
2011-09-23 08:54:18,376 - org.eclipse.emf.codegen.ui - 2.6.0.v20100914-1218
2011-09-23 08:54:18,392 - org.eclipse.emf.ecore - 2.6.1.v20100914-1218
2011-09-23 08:54:18,392 - org.eclipse.emf.ecore.change - 2.5.1.v20100907-1643
2011-09-23 08:54:18,392 - org.eclipse.emf.ecore.xmi - 2.5.0.v20100521-1846
2011-09-23 08:54:18,392 - org.eclipse.mat.report - 1.0.1.201008091353
2011-09-23 08:54:18,392 - org.eclipse.mat.api - 1.0.1.201008091353
2011-09-23 08:54:18,407 - org.eclipse.mat.hprof - 1.0.1.201008091353
2011-09-23 08:54:18,407 - org.eclipse.mat.parser - 1.0.1.201008091353
2011-09-23 08:54:18,407 - org.eclipse.mat.ui - 1.0.1.201008091353
2011-09-23 08:54:18,407 - org.eclipse.mat.ui.help - 1.0.1.201008091353
2011-09-23 08:54:18,423 - org.eclipse.mat.jdt - 1.0.1.201008091353
2011-09-23 08:54:18,423 - org.eclipse.mat.dtfj - 1.0.1.201008091353
2011-09-23 08:54:18,423 - org.eclipse.mat.ibmdumps - 1.0.1.201008091353
2011-09-23 08:54:18,423 - java_cup.runtime - 0.10.0.v201005080400
2011-09-23 08:54:18,438 - org.apache.xerces - 2.9.0.v201005080400
2011-09-23 08:54:18,438 - org.eclipse.wst.xml.xpath2.processor - 1.1.3.v201009091745
2011-09-23 08:54:18,438 - org.eclipse.wst.xml.xpath2 - 1.1.0.v200910101444
2011-09-23 08:54:18,438 - org.eclipse.wst.xml.xpath2.processor.doc.user - 1.0.0.v201005240426
2011-09-23 08:54:18,454 - org.eclipse.datatools.common.doc.user - 1.7.0.20090521092446
2011-09-23 08:54:18,454 - org.eclipse.egit.core - 0.9.3
2011-09-23 08:54:18,454 - org.eclipse.egit.ui - 0.9.3
2011-09-23 08:54:18,454 - org.eclipse.egit - 0.9.3
2011-09-23 08:54:18,470 - org.eclipse.egit.doc - 0.9.3
2011-09-23 08:54:18,470 - com.motorolamobility.preflighting.ui - 0.7.1.release
2011-09-23 08:54:18,470 - com.motorolamobility.preflighting.tooldocs.validator.helpbase - 0.7.0.release
2011-09-23 08:54:18,470 - org.eclipse.jgit - 0.9.3
2011-09-23 08:54:18,485 - org.eclipse.wst.xsl.core - 1.1.0.v201004290328
2011-09-23 08:54:18,485 - org.eclipse.wst.xsl.debug.ui - 1.0.100.v201004290328
2011-09-23 08:54:18,485 - org.eclipse.wst.xsl.launching - 1.0.100.v201004290328
2011-09-23 08:54:18,485 - org.eclipse.wst.xsl.xalan - 1.0.1.v201004290328
2011-09-23 08:54:18,485 - org.eclipse.wst.xsl.ui - 1.1.1.v201009091745
2011-09-23 08:54:18,485 - org.eclipse.wst.xml.xpath.ui - 1.1.1.v201007022358
2011-09-23 08:54:18,501 - org.apache.xalan - 2.7.1.v201005080400
2011-09-23 08:54:18,501 - org.apache.commons.logging - 1.0.4.v201005080501
2011-09-23 08:54:18,501 - org.eclipse.wst.xsl.doc - 1.0.100.v201004292007
2011-09-23 08:54:18,501 - org.eclipse.wst.xml.xpath.core - 1.1.1.v201007022358
2011-09-23 08:54:18,501 - org.apache.xml.serializer - 2.7.1.v201005080400
2011-09-23 08:54:18,501 - org.apache.bcel - 5.2.0.v201005080400
2011-09-23 08:54:18,501 - java_cup.runtime - 0.10.0.v201005080400
2011-09-23 08:54:18,517 - org.eclipse.wst.xsl.saxon - 1.0.100.v201004290328
2011-09-23 08:54:18,517 - org.eclipse.wst.xsl - 1.0.0.v200905250058
2011-09-23 08:54:18,517 - org.eclipse.wst.xsl.jaxp.debug - 1.0.100.v201004290328
2011-09-23 08:54:18,517 - org.eclipse.wst.xsl.jaxp.debug.ui - 1.0.100.v201004290328
2011-09-23 08:54:18,517 - org.eclipse.wst.xsl.jaxp.launching - 1.0.100.v201004290328
2011-09-23 08:54:18,517 - org.apache.log4j - 1.2.15.v201005080500
2011-09-23 08:54:18,532 - org.eclipse.wst.xsl.exslt.core - 1.0.0.v201005240426
2011-09-23 08:54:18,532 - org.eclipse.wst.xsl.exslt.ui - 1.0.0.v201006012005
2011-09-23 08:54:18,532 - org.eclipse.draw2d - 3.6.1.v20100913-2020
2011-09-23 08:54:18,532 - org.eclipse.sequoyah.device.common.utilities - 2.0.0.N20110110-1255
2011-09-23 08:54:18,532 - org.eclipse.emf.databinding.edit - 1.2.0.v20100914-1218
2011-09-23 08:54:18,548 - org.eclipse.emf.common - 2.6.0.v20100914-1218
2011-09-23 08:54:18,548 - org.eclipse.sequoyah.device.backward - 1.0.0.N20110110-1255
2011-09-23 08:54:18,548 - org.eclipse.sequoyah.device.framework - 2.0.0.N20110110-1255
2011-09-23 08:54:18,548 - org.eclipse.sequoyah.device.framework.ui - 2.0.0.N20110110-1255
2011-09-23 08:54:18,548 - org.eclipse.sequoyah.device.service.start - 1.0.1.N20110110-1255
2011-09-23 08:54:18,563 - org.eclipse.sequoyah.device.service.stop - 1.0.1.N20110110-1255
2011-09-23 08:54:18,563 - org.eclipse.sequoyah.device.framework.wizard - 1.0.2.N20110110-1255
2011-09-23 08:54:18,563 - org.eclipse.emf.ecore.edit - 2.6.0.v20100914-1218
2011-09-23 08:54:18,563 - org.eclipse.emf.ecore.change.edit - 2.5.0.v20100521-1846
2011-09-23 08:54:18,563 - org.eclipse.wst.dtd.ui - 1.0.500.v201004290328
2011-09-23 08:54:18,579 - org.eclipse.wst.dtd.ui.infopop - 1.0.300.v200805140200
2011-09-23 08:54:18,579 - org.eclipse.wst.sse.ui.infopop - 1.0.300.v201004150328
2011-09-23 08:54:18,579 - org.eclipse.wst.xml.ui.infopop - 1.0.400.v201004292007
2011-09-23 08:54:18,579 - org.eclipse.wst.sse.ui - 1.2.2.v201008232126
2011-09-23 08:54:18,579 - org.eclipse.wst.xml.ui - 1.1.102.v201008251905
2011-09-23 08:54:18,595 - org.eclipse.wst.xsd.ui - 1.2.303.v201004290328
2011-09-23 08:54:18,595 - org.eclipse.mat.chart - 1.0.1.201008091353
2011-09-23 08:54:18,595 - org.eclipse.mat.chart.ui - 1.0.1.201008091353
2011-09-23 08:54:18,595 - org.eclipse.datatools.connectivity.doc.user.contexts - 1.7.0.20090521092446
2011-09-23 08:54:18,595 - org.eclipse.datatools.connectivity.doc.user - 1.7.0.20090521092446
2011-09-23 08:54:18,610 - org.eclipse.emf.ecore.editor - 2.6.0.v20100914-1218
2011-09-23 08:54:18,610 - org.apache.ant - 1.7.1.v20100518-1145
2011-09-23 08:54:18,610 - org.eclipse.ant.core - 3.2.200.v20100427
2011-09-23 08:54:18,610 - com.jcraft.jsch - 0.1.41.v200903070017
2011-09-23 08:54:18,626 - org.eclipse.compare.core - 3.5.100.I20100526-0800
2011-09-23 08:54:18,626 - org.eclipse.compare - 3.5.100.I20100526-0800
2011-09-23 08:54:18,626 - org.eclipse.compare.win32 - 1.0.100.I20100505-1245
2011-09-23 08:54:18,626 - org.eclipse.core.boot - 3.1.200.v20100505
2011-09-23 08:54:18,626 - org.eclipse.core.filebuffers - 3.5.100.v20100520-0800
2011-09-23 08:54:18,626 - org.eclipse.core.filesystem - 1.3.1.R36x_v20100727-0745
2011-09-23 08:54:18,626 - org.eclipse.core.net - 1.2.100.I20100511-0800
2011-09-23 08:54:18,642 - org.eclipse.core.net.win32.x86 - 1.0.100.I20100511-0800
2011-09-23 08:54:18,642 - org.eclipse.core.resources - 3.6.0.R36x_v20100825-0600
2011-09-23 08:54:18,642 - org.eclipse.core.runtime.compatibility - 3.2.100.v20100505
2011-09-23 08:54:18,642 - org.eclipse.core.runtime.compatibility.registry - 3.3.0.v20100520
2011-09-23 08:54:18,642 - org.eclipse.osgi.util - 3.2.100.v20100503
2011-09-23 08:54:18,642 - org.eclipse.debug.core - 3.6.0.v20100519
2011-09-23 08:54:18,657 - org.eclipse.debug.ui - 3.6.1.v20100901_r361
2011-09-23 08:54:18,657 - org.eclipse.equinox.event - 1.2.0.v20100503
2011-09-23 08:54:18,657 - org.eclipse.help.appserver - 3.1.400.v20100427
2011-09-23 08:54:18,657 - org.eclipse.ltk.core.refactoring - 3.5.100.v20100526-0800
2011-09-23 08:54:18,657 - org.eclipse.ltk.ui.refactoring - 3.5.0.v20100526-0800
2011-09-23 08:54:18,657 - org.eclipse.platform - 3.6.1.v201009090800
2011-09-23 08:54:18,657 - org.eclipse.platform.doc.user - 3.6.1.r361_v20100825-0800
2011-09-23 08:54:18,673 - org.eclipse.search - 3.6.0.v20100520-0800
2011-09-23 08:54:18,673 - org.eclipse.team.core - 3.5.100.R36x_v20100825-0800
2011-09-23 08:54:18,673 - org.eclipse.team.ui - 3.5.101.R36x_v20100825-0800
2011-09-23 08:54:18,673 - org.eclipse.text - 3.5.0.v20100601-1300
2011-09-23 08:54:18,673 - org.eclipse.jface.text - 3.6.1.r361_v20100825-0800
2011-09-23 08:54:18,673 - org.eclipse.jsch.core - 1.1.200.I20100505-1245
2011-09-23 08:54:18,688 - org.eclipse.jsch.ui - 1.1.300.I20100505-1245
2011-09-23 08:54:18,688 - org.eclipse.ui.console - 3.5.0.v20100526
2011-09-23 08:54:18,688 - org.eclipse.ui.presentations.r21 - 3.2.200.I20100517-1500
2011-09-23 08:54:18,688 - org.eclipse.ui.intro - 3.4.0.v20100427
2011-09-23 08:54:18,688 - org.eclipse.ui.intro.universal - 3.2.402.r36_v20100702
2011-09-23 08:54:18,688 - org.eclipse.ui.cheatsheets - 3.4.0.v20100427
2011-09-23 08:54:18,704 - org.eclipse.ui.browser - 3.3.0.v20100517
2011-09-23 08:54:18,704 - org.eclipse.ui.navigator - 3.5.0.I20100601-0800
2011-09-23 08:54:18,704 - org.eclipse.ui.navigator.resources - 3.4.201.M20100707-0800
2011-09-23 08:54:18,704 - org.eclipse.ui.net - 1.2.100.I20100505-1245
2011-09-23 08:54:18,704 - org.eclipse.ui.workbench.texteditor - 3.6.1.r361_v20100714-0800
2011-09-23 08:54:18,704 - org.eclipse.ui.views - 3.5.0.I20100527-0800
2011-09-23 08:54:18,704 - org.eclipse.ui.editors - 3.6.1.r361_v20100825-0800
2011-09-23 08:54:18,704 - org.eclipse.ui.externaltools - 3.2.0.v20100427
2011-09-23 08:54:18,720 - org.eclipse.ui.ide - 3.6.1.M20100825-0800
2011-09-23 08:54:18,720 - org.eclipse.ui.ide.application - 1.0.201.M20100707-0800
2011-09-23 08:54:18,720 - org.eclipse.ui.win32 - 3.2.200.I20100509-0800
2011-09-23 08:54:18,720 - org.eclipse.update.core - 3.2.402.R36x_v20100629
2011-09-23 08:54:18,720 - org.eclipse.update.scheduler - 3.2.300.v20100512
2011-09-23 08:54:18,720 - org.eclipse.update.ui - 3.2.300.v20100512
2011-09-23 08:54:18,735 - org.eclipse.ui.workbench.compatibility - 3.2.100.I20100511-0800
2011-09-23 08:54:18,735 - org.eclipse.core.filesystem.win32.x86 - 1.1.201.R36x_v20100727-0745
2011-09-23 08:54:18,735 - org.eclipse.core.resources.win32.x86 - 3.5.100.v20100505-1345
2011-09-23 08:54:18,735 - org.eclipse.core.variables - 3.2.400.v20100505
2011-09-23 08:54:18,735 - org.eclipse.ui.forms - 3.5.2.r36_v20100702
2011-09-23 08:54:18,735 - org.eclipse.update.core.win32 - 3.2.200.v20100512
2011-09-23 08:54:18,751 - org.eclipse.ui.views.properties.tabbed - 3.5.100.I20100509-0800
2011-09-23 08:54:18,751 - org.eclipse.equinox.security - 1.0.200.v20100503
2011-09-23 08:54:18,751 - org.eclipse.equinox.security.ui - 1.0.200.v20100503
2011-09-23 08:54:18,751 - org.eclipse.equinox.security.win32.x86 - 1.0.200.v20100503
2011-09-23 08:54:18,751 - org.eclipse.core.externaltools - 1.0.1.v20100831_r361
2011-09-23 08:54:18,751 - javax.servlet - 2.5.0.v200910301333
2011-09-23 08:54:18,767 - javax.servlet.jsp - 2.0.0.v200806031607
2011-09-23 08:54:18,767 - org.apache.commons.el - 1.0.0.v201004212143
2011-09-23 08:54:18,767 - org.apache.commons.logging - 1.0.4.v201005080501
2011-09-23 08:54:18,767 - org.apache.jasper - 5.5.17.v201004212143
2011-09-23 08:54:18,767 - org.apache.lucene - 1.9.1.v20100518-1140
2011-09-23 08:54:18,767 - org.apache.lucene.analysis - 1.9.1.v20100518-1140
2011-09-23 08:54:18,767 - org.eclipse.equinox.http.jetty - 2.0.0.v20100503
2011-09-23 08:54:18,782 - org.eclipse.equinox.http.registry - 1.1.0.v20100503
2011-09-23 08:54:18,782 - org.eclipse.equinox.http.servlet - 1.1.0.v20100503
2011-09-23 08:54:18,782 - org.eclipse.equinox.jsp.jasper - 1.0.200.v20100421
2011-09-23 08:54:18,782 - org.eclipse.equinox.jsp.jasper.registry - 1.0.200.v20100503
2011-09-23 08:54:18,782 - org.eclipse.help.base - 3.5.2.v201009090800
2011-09-23 08:54:18,782 - org.eclipse.help.ui - 3.5.2.r36_v20100702
2011-09-23 08:54:18,798 - org.eclipse.help.webapp - 3.5.2.r36_r20100816
2011-09-23 08:54:18,798 - org.mortbay.jetty.server - 6.1.23.v201004211559
2011-09-23 08:54:18,798 - org.mortbay.jetty.util - 6.1.23.v201004211559
2011-09-23 08:54:18,798 - org.eclipse.emf.codegen.ecore - 2.6.1.v20100914-1218
2011-09-23 08:54:18,798 - org.eclipse.emf.ant - 2.6.1.v20100905-1631
2011-09-23 08:54:18,813 - org.eclipse.emf.databinding - 1.2.0.v20100914-1218
2011-09-23 08:54:18,813 - net.sourceforge.lpg.lpgjavaruntime - 1.1.0.v201004271650
2011-09-23 08:54:18,813 - org.eclipse.datatools.sqltools.parsers.sql.lexer - 1.0.1.v200906030654
2011-09-23 08:54:18,813 - org.eclipse.datatools.sqltools.parsers.sql.query - 1.2.0.v201004291415
2011-09-23 08:54:18,813 - org.eclipse.datatools.sqltools.parsers.sql.xml.query - 1.0.0.v200906022302
2011-09-23 08:54:18,829 - org.eclipse.datatools.sqltools.parsers.sql - 1.0.2.v201004291415
2011-09-23 08:54:18,829 - org.eclipse.datatools.enablement.sqlite - 1.0.0.v201002041100
2011-09-23 08:54:18,829 - org.eclipse.datatools.enablement.sqlite.dbdefinition - 1.0.1.v201002041100
2011-09-23 08:54:18,829 - org.eclipse.datatools.enablement.sqlite.ui - 1.0.0.v200906020900
2011-09-23 08:54:18,829 - org.eclipse.datatools.enablement.finfo - 1.5.1.v200906161800
2011-09-23 08:54:18,845 - biz.junginger.rss.eclipse.RssPlugin - 1.5.0
2011-09-23 08:54:18,845 - org.eclipse.jdt - 3.6.1.v201009090800
2011-09-23 08:54:18,845 - org.eclipse.ant.ui - 3.5.0.v20100427
2011-09-23 08:54:18,845 - org.eclipse.jdt.apt.core - 3.3.401.R36_v20100727-0110
2011-09-23 08:54:18,845 - org.eclipse.jdt.apt.ui - 3.3.300.v20100513-0845
2011-09-23 08:54:18,860 - org.eclipse.jdt.apt.pluggable.core - 1.0.301.R36_v20100727-0110
2011-09-23 08:54:18,860 - org.eclipse.jdt.compiler.apt - 1.0.300.v20100513-0845
2011-09-23 08:54:18,860 - org.eclipse.jdt.compiler.tool - 1.0.100.v_A68_R36x
2011-09-23 08:54:18,860 - org.eclipse.jdt.core - 3.6.1.v_A68_R36x
2011-09-23 08:54:18,876 - org.eclipse.jdt.core.manipulation - 1.3.0.v20100520-0800
2011-09-23 08:54:18,876 - org.eclipse.jdt.debug.ui - 3.5.0.v20100602-0830
2011-09-23 08:54:18,876 - org.eclipse.jdt.debug - 3.6.1.v20100715_r361
2011-09-23 08:54:18,876 - org.eclipse.jdt.junit - 3.6.1.r361_v20100825-0800
2011-09-23 08:54:18,876 - org.eclipse.jdt.junit.core - 3.6.1.r361_v20100825-0800
2011-09-23 08:54:18,892 - org.eclipse.jdt.junit.runtime - 3.4.200.v20100526-0800
2011-09-23 08:54:18,892 - org.eclipse.jdt.junit4.runtime - 1.1.100.v20100526-0800
2011-09-23 08:54:18,892 - org.eclipse.jdt.launching - 3.5.100.v20100526
2011-09-23 08:54:18,892 - org.eclipse.jdt.ui - 3.6.1.r361_v20100825-0800
2011-09-23 08:54:18,892 - org.junit - 4.8.1.v4_8_1_v20100427-1100
2011-09-23 08:54:18,892 - org.junit - 4.8.1.v4_8_1_v20100427-1100
2011-09-23 08:54:18,892 - org.junit4 - 4.8.1.v20100525
2011-09-23 08:54:18,907 - org.hamcrest.core - 1.1.0.v20090501071000
2011-09-23 08:54:18,907 - org.eclipse.jdt.doc.user - 3.6.1.r361_v20100721-0800
2011-09-23 08:54:18,907 - org.eclipse.ant.launching - 1.0.0.v20100427
2011-09-23 08:54:18,907 - org.eclipse.emf.edit.ui - 2.6.0.v20100914-1218
2011-09-23 08:54:18,923 - org.eclipse.wst.jsdt.web.core - 1.0.302.v201009091745
2011-09-23 08:54:18,923 - org.eclipse.wst.jsdt.web.ui - 1.0.302.v201009091745
2011-09-23 08:54:18,923 - org.eclipse.wst.html.ui.infopop - 1.0.200.v201004150328
2011-09-23 08:54:18,923 - org.eclipse.wst.web.ui.infopop - 1.0.300.v200805140415
2011-09-23 08:54:18,923 - org.eclipse.wst.css.ui - 1.0.501.v201008232042
2011-09-23 08:54:18,923 - org.eclipse.wst.html.ui - 1.0.502.v201009010342
2011-09-23 08:54:18,938 - org.eclipse.wst.web.ui - 1.1.400.v201004141630
2011-09-23 08:54:18,938 - org.eclipse.mylyn.context.ui - 3.4.1.v20100909-0100-e3x
2011-09-23 08:54:18,938 - org.eclipse.mylyn.resources.ui - 3.4.1.v20100909-0100-e3x
2011-09-23 08:54:18,938 - org.eclipse.emf.mapping - 2.6.0.v20100914-1218
2011-09-23 08:54:18,954 - org.eclipse.emf.codegen.ecore.ui - 2.6.0.v20100914-1218
2011-09-23 08:54:18,954 - com.android.ide.eclipse.traceview - 10.0.0.v201102162101-104271
2011-09-23 08:54:18,970 - org.eclipse.datatools.sqltools.sql - 1.0.0.v200906022302
2011-09-23 08:54:18,970 - org.eclipse.datatools.sqltools.common.ui - 1.0.0.v200906022302
2011-09-23 08:54:18,970 - org.eclipse.datatools.sqltools.plan - 1.0.0.v200906022302
2011-09-23 08:54:18,970 - org.eclipse.datatools.sqltools.editor.core - 1.0.0.v201001150815
2011-09-23 08:54:18,985 - org.eclipse.datatools.sqltools.sqleditor - 1.0.1.v201005130745
2011-09-23 08:54:18,985 - org.eclipse.datatools.sqltools.ddlgen.ui - 1.0.1.v201002270530
2011-09-23 08:54:18,985 - org.eclipse.datatools.connectivity.db.generic - 1.0.1.v200908130547
2011-09-23 08:54:18,985 - org.eclipse.datatools.sqltools.editor.core.ui - 1.0.0.v201001150815
2011-09-23 08:54:18,985 - org.eclipse.datatools.sqltools.sql.ui - 1.0.0.v200906022302
2011-09-23 08:54:18,985 - com.motorola.studio.android - 2.1.1.release
2011-09-23 08:54:19,001 - com.motorola.studio.android.emulator - 2.1.0.release
2011-09-23 08:54:19,001 - com.motorola.studio.android.launch - 2.1.0.release
2011-09-23 08:54:19,001 - com.motorola.studio.android.packaging - 2.1.0.release
2011-09-23 08:54:19,001 - com.motorola.studio.android.packaging.ui - 2.1.0.release
2011-09-23 08:54:19,001 - com.motorola.studio.android.codesnippets - 2.1.0.release
2011-09-23 08:54:19,001 - com.motorola.studio.android.handset - 2.1.0.release
2011-09-23 08:54:19,001 - com.motorola.studio.android.handset.win32 - 2.1.0.release
2011-09-23 08:54:19,001 - com.motorola.studio.android.tooldocs.studio.helpbase - 2.1.0.release
2011-09-23 08:54:19,017 - com.motorola.studio.android.ss.provider - 2.0.0.release
2011-09-23 08:54:19,017 - com.motorola.studio.android.db - 2.1.0.release
2011-09-23 08:54:19,017 - com.motorola.studio.android.remote - 2.1.0.release
2011-09-23 08:54:19,017 - com.motorola.studio.android.product - 2.1.1.release
2011-09-23 08:54:19,017 - com.motorola.studio.android.win32.x86 - 2.1.0.release
2011-09-23 08:54:19,017 - com.motorola.studio.android.mat - 2.0.0.release
2011-09-23 08:54:19,017 - com.motorola.studio.android.devices.services - 2.1.0.release
2011-09-23 08:54:19,017 - com.motorola.studio.android.installer - 2.1.1.release
2011-09-23 08:54:19,032 - com.motorola.studio.android.ophone - 2.0.0.release
2011-09-23 08:54:19,032 - org.eclipse.emf - 2.6.0.v20100914-1218
2011-09-23 08:54:19,032 - org.eclipse.datatools.connectivity.oda.consumer - 3.2.3.v201005281018
2011-09-23 08:54:19,032 - org.eclipse.datatools.connectivity.oda.design - 3.3.1.v201008171206
2011-09-23 08:54:19,032 - org.eclipse.datatools.connectivity.oda.flatfile - 3.1.1.v201001131420
2011-09-23 08:54:19,048 - org.eclipse.datatools.connectivity.oda.profile - 3.2.4.v201007150318
2011-09-23 08:54:19,048 - org.eclipse.datatools.connectivity.oda - 3.3.1.v201008030730
2011-09-23 08:54:19,048 - org.eclipse.datatools.connectivity - 1.2.1.v201007142147
2011-09-23 08:54:19,048 - com.android.ide.eclipse.ddms - 10.0.0.v201102162101-104271
2011-09-23 08:54:19,063 - org.eclipse.emf.edit - 2.6.0.v20100914-1218
2011-09-23 08:54:19,063 - org.eclipse.emf.converter - 2.5.0.v20100914-1218
2011-09-23 08:54:19,063 - org.eclipse.emf.importer - 2.6.0.v20100521-1846
2011-09-23 08:54:19,063 - org.eclipse.emf.exporter - 2.6.0.v20100521-1846
2011-09-23 08:54:19,079 - org.eclipse.emf.importer.ecore - 2.6.0.v20100521-1846
2011-09-23 08:54:19,079 - org.eclipse.emf.importer.java - 2.6.0.v20100521-1846
2011-09-23 08:54:19,079 - org.eclipse.emf.importer.rose - 2.6.0.v20100521-1846
2011-09-23 08:54:19,079 - org.eclipse.datatools.sqltools.doc.user - 1.7.0.20090521092446
2011-09-23 08:54:19,079 - org.eclipse.datatools.sqltools.doc.user.contexts - 1.7.0.20090521092446
2011-09-23 08:54:19,095 - org.eclipse.datatools.connectivity.oda.template.ui - 3.2.1.v201004090942
2011-09-23 08:54:19,095 - org.eclipse.pde - 3.6.1.v201009090800
2011-09-23 08:54:19,095 - org.eclipse.pde.build - 3.6.1.R36x_v20100823
2011-09-23 08:54:19,095 - org.eclipse.pde.core - 3.6.1.v20100902_r361
2011-09-23 08:54:19,095 - org.eclipse.pde.junit.runtime - 3.4.100.v20100601
2011-09-23 08:54:19,110 - org.eclipse.pde.runtime - 3.4.200.v20100601
2011-09-23 08:54:19,110 - org.eclipse.pde.ui - 3.6.1.v20100810_r361
2011-09-23 08:54:19,110 - org.eclipse.pde.doc.user - 3.6.1.v20100727_r361
2011-09-23 08:54:19,110 - org.eclipse.pde.ui.templates - 3.4.200.v20100601
2011-09-23 08:54:19,110 - org.eclipse.ui.views.log - 1.0.100.v20100423
2011-09-23 08:54:19,110 - org.objectweb.asm - 3.2.0.v200909071300
2011-09-23 08:54:19,110 - org.eclipse.pde.api.tools - 1.0.202.v20100820_r361
2011-09-23 08:54:19,126 - org.eclipse.pde.api.tools.ui - 1.0.201.v20100820_r361
2011-09-23 08:54:19,126 - org.eclipse.pde.ds.core - 1.0.100.v20100601
2011-09-23 08:54:19,126 - org.eclipse.pde.ds.ui - 1.0.100.v20100601
2011-09-23 08:54:19,126 - org.eclipse.pde.launching - 3.6.0.v20100601
2011-09-23 08:54:19,126 - org.eclipse.pde.ua.core - 1.0.100.v20100504
2011-09-23 08:54:19,126 - org.eclipse.pde.ua.ui - 1.0.100.v20100504
2011-09-23 08:54:19,142 - com.motorola.studio.platform.logger - 3.0.0
2011-09-23 08:54:19,142 - com.motorola.studio.platform.feature.rcp.branding - 3.0.0
2011-09-23 08:54:19,142 - com.motorola.studio.platform.tools.sign.core - 3.0.0
2011-09-23 08:54:19,142 - com.motorola.studio.platform.tools.sign.ui - 3.0.0
2011-09-23 08:54:19,142 - com.motorola.studio.platform.tools.motocfg.core - 3.0.0
2011-09-23 08:54:19,142 - com.motorola.studio.platform.tools.motocfg.core.basic - 3.0.0
2011-09-23 08:54:19,157 - com.motorola.studio.platform.tools.motocfg.core.ui - 3.0.0
2011-09-23 08:54:19,157 - com.motorola.studio.platform.tools.motocfg.core.win32 - 3.0.0
2011-09-23 08:54:19,157 - com.motorola.studio.platform.tools.sign.ui.win32 - 3.0.0
2011-09-23 08:54:19,157 - com.motorola.studio.platform.tools.common - 3.0.0
2011-09-23 08:54:19,157 - com.motorola.studio.platform.core.runtime - 3.0.0
2011-09-23 08:54:19,157 - com.motorola.studio.platform.ui - 3.0.0
2011-09-23 08:54:19,157 - com.motorola.studio.platform.ui.win32 - 3.0.0
2011-09-23 08:54:19,173 - org.eclipse.emf.common.ui - 2.6.0.v20100914-1218
2011-09-23 08:54:19,173 - org.eclipse.emf.mapping.ecore.editor - 2.6.0.v20100914-1218
2011-09-23 08:54:19,173 - org.eclipse.emf.mapping.ecore2ecore.editor - 2.4.0.v20100521-1847
2011-09-23 08:54:19,173 - org.eclipse.emf.mapping.ecore2xml.ui - 2.5.0.v20100521-1847
2011-09-23 08:54:19,173 - org.eclipse.sequoyah.localization.tools - 2.0.0.N20110110-1255
2011-09-23 08:54:19,188 - org.eclipse.sequoyah.localization.editor - 2.0.0.N20110110-1255
2011-09-23 08:54:19,188 - com.android.ide.eclipse.adt - 10.0.0.v201102162101-104271
2011-09-23 08:54:19,204 - org.eclipse.sequoyah.localization.android - 2.0.0.N20110110-1255
2011-09-23 08:54:19,204 - org.eclipse.sequoyah.localization.android.help - 2.0.0.N20110110-1255
2011-09-23 08:54:19,204 - org.eclipse.datatools.modelbase.dbdefinition - 1.0.2.v201002130228
2011-09-23 08:54:19,204 - org.eclipse.datatools.modelbase.sql.edit - 1.0.1.v201002161452
2011-09-23 08:54:19,204 - org.eclipse.datatools.modelbase.sql.query - 1.1.1.v201008100700
2011-09-23 08:54:19,220 - org.eclipse.datatools.modelbase.sql.query.edit - 1.0.0.v200906022249
2011-09-23 08:54:19,220 - org.eclipse.datatools.modelbase.sql.xml.query - 1.0.1.v201004291415
2011-09-23 08:54:19,220 - org.eclipse.datatools.modelbase.sql - 1.0.4.v201002250945
2011-09-23 08:54:19,220 - org.eclipse.cvs - 1.0.500.v201009090800
2011-09-23 08:54:19,220 - org.eclipse.team.cvs.core - 3.3.300.I20100526-0800
2011-09-23 08:54:19,235 - org.eclipse.team.cvs.ssh2 - 3.2.300.I20100526-0800
2011-09-23 08:54:19,235 - org.eclipse.team.cvs.ui - 3.3.301.R36x_v20100825-0800
2011-09-23 08:54:19,235 - org.eclipse.gef - 3.6.1.v20100712-1224
2011-09-23 08:54:19,235 - com.motorola.studio.platform.core.product - 3.0.0
2011-09-23 08:54:19,235 - com.motorola.studio.platform.ui.intro - 3.0.0
2011-09-23 08:54:19,251 - com.motorola.studio.platform.feature.branding - 3.0.0
2011-09-23 08:54:19,251 - com.motorola.studio.platform.logger.collector - 3.0.0
2011-09-23 08:54:19,251 - org.eclipse.mylyn - 3.4.0.v20100608-0100-e3x
2011-09-23 08:54:19,251 - org.eclipse.mylyn.context.core - 3.4.1.v20100909-0100-e3x
2011-09-23 08:54:19,251 - org.eclipse.mylyn.tasks.ui - 3.4.2.v20100902-0100-e3x
2011-09-23 08:54:19,267 - org.eclipse.mylyn.monitor.ui - 3.4.0.v20100608-0100-e3x
2011-09-23 08:54:19,267 - org.eclipse.mylyn.tasks.core - 3.4.1.v20100730-0100-e3x
2011-09-23 08:54:19,267 - org.eclipse.mylyn.tasks.search - 3.4.0.v20100608-0100-e3x
2011-09-23 08:54:19,267 - org.eclipse.mylyn.monitor.core - 3.4.0.v20100608-0100-e3x
2011-09-23 08:54:19,267 - org.apache.commons.logging - 1.0.4.v201005080501
2011-09-23 08:54:19,267 - org.apache.commons.codec - 1.3.0.v20100518-1140
2011-09-23 08:54:19,267 - org.apache.commons.httpclient - 3.1.0.v201005080502
2011-09-23 08:54:19,282 - org.apache.commons.lang - 2.3.0.v201005080501
2011-09-23 08:54:19,282 - org.eclipse.mylyn.discovery.core - 3.4.0.v20100608-0100-e3x
2011-09-23 08:54:19,282 - org.eclipse.mylyn.discovery.ui - 3.4.0.v20100608-0100-e3x
2011-09-23 08:54:19,282 - org.eclipse.datatools.connectivity.sqm.core.ui - 1.2.0.v201002281800
2011-09-23 08:54:19,282 - org.eclipse.datatools.connectivity.sqm.core - 1.2.1.v201008120113
2011-09-23 08:54:19,282 - org.eclipse.datatools.connectivity.sqm.server.ui - 1.1.100.v200910270503
2011-09-23 08:54:19,282 - org.eclipse.datatools.connectivity.ui.dse - 1.1.4.v201004270430
2011-09-23 08:54:19,298 - org.eclipse.datatools.connectivity.ui - 1.2.0.v201006250003
2011-09-23 08:54:19,298 - org.eclipse.datatools.connectivity - 1.2.1.v201007142147
2011-09-23 08:54:19,298 - org.eclipse.datatools.help - 1.5.0.v200906020553
2011-09-23 08:54:19,298 - org.eclipse.datatools.connectivity.console.profile - 1.0.0.v200906020553
2011-09-23 08:54:19,298 - org.eclipse.datatools.sqltools.common.ui - 1.0.0.v200906022302
2011-09-23 08:54:19,298 - org.eclipse.datatools.sqltools.debugger.core - 1.0.1.v201005250945
2011-09-23 08:54:19,298 - org.eclipse.datatools.sqltools.editor.core - 1.0.0.v201001150815
2011-09-23 08:54:19,298 - org.eclipse.datatools.sqltools.plan - 1.0.0.v200906022302
2011-09-23 08:54:19,313 - org.eclipse.datatools.sqltools.routineeditor - 1.0.0.v201003161000
2011-09-23 08:54:19,313 - org.eclipse.datatools.sqltools.sql - 1.0.0.v200906022302
2011-09-23 08:54:19,313 - org.eclipse.datatools.sqltools.sqleditor - 1.0.1.v201005130745
2011-09-23 08:54:19,313 - org.eclipse.datatools.sqltools.sqlscrapbook - 1.0.1.v201005250945
2011-09-23 08:54:19,313 - org.eclipse.datatools.help - 1.5.0.v200906020553
2011-09-23 08:54:19,313 - org.eclipse.datatools.sqltools.db.generic - 1.0.0.v200906020900
2011-09-23 08:54:19,313 - org.eclipse.datatools.sqltools.debugger.core.ui - 1.0.0.v201003161000
2011-09-23 08:54:19,313 - org.eclipse.datatools.sqltools.editor.core.ui - 1.0.0.v201001150815
2011-09-23 08:54:19,329 - org.eclipse.datatools.sqltools.result.ui - 1.1.0.v201005261700
2011-09-23 08:54:19,329 - org.eclipse.datatools.sqltools.routineeditor.ui - 1.0.1.v201004060545
2011-09-23 08:54:19,329 - org.eclipse.datatools.sqltools.sql.ui - 1.0.0.v200906022302
2011-09-23 08:54:19,329 - com.ibm.icu - 4.2.1.v20100412
2011-09-23 08:54:19,329 - org.eclipse.core.commands - 3.6.0.I20100512-1500
2011-09-23 08:54:19,345 - org.eclipse.core.databinding - 1.3.100.I20100601-0800
2011-09-23 08:54:19,345 - org.eclipse.core.databinding.observable - 1.3.0.I20100601-0800
2011-09-23 08:54:19,345 - org.eclipse.core.databinding.property - 1.3.0.I20100601-0800
2011-09-23 08:54:19,345 - org.eclipse.core.databinding.beans - 1.2.100.I20100601-0800
2011-09-23 08:54:19,345 - org.eclipse.core.jobs - 3.5.1.R36x_v20100824
2011-09-23 08:54:19,345 - org.eclipse.core.expressions - 3.4.200.v20100505
2011-09-23 08:54:19,345 - org.eclipse.core.runtime - 3.6.0.v20100505
2011-09-23 08:54:19,345 - org.eclipse.core.runtime.compatibility.auth - 3.2.200.v20100517
2011-09-23 08:54:19,345 - org.eclipse.osgi - 3.6.1.R36x_v20100806
2011-09-23 08:54:19,360 - org.eclipse.osgi.services - 3.2.100.v20100503
2011-09-23 08:54:19,360 - org.eclipse.help - 3.5.0.v20100524
2011-09-23 08:54:19,360 - org.eclipse.swt - 3.6.1.v3655c
2011-09-23 08:54:19,360 - org.eclipse.jface - 3.6.1.M20100825-0800
2011-09-23 08:54:19,360 - org.eclipse.jface.databinding - 1.4.0.I20100601-0800
2011-09-23 08:54:19,360 - org.eclipse.ui - 3.6.1.M20100826-1330
2011-09-23 08:54:19,360 - org.eclipse.ui.workbench - 3.6.1.M20100826-1330
2011-09-23 08:54:19,360 - org.eclipse.update.configurator - 3.3.100.v20100512
2011-09-23 08:54:19,360 - org.eclipse.equinox.simpleconfigurator - 1.0.200.v20100503
2011-09-23 08:54:19,376 - org.eclipse.swt.win32.win32.x86 - 3.6.1.v3655c
2011-09-23 08:54:19,376 - org.eclipse.rcp - 3.6.0.v201009090800
2011-09-23 08:54:19,376 - org.eclipse.core.contenttype - 3.4.100.v20100505-1235
2011-09-23 08:54:19,376 - org.eclipse.equinox.app - 1.3.1.R36x_v20100803
2011-09-23 08:54:19,376 - org.eclipse.equinox.common - 3.6.0.v20100503
2011-09-23 08:54:19,376 - org.eclipse.equinox.ds - 1.2.1.R36x_v20100803
2011-09-23 08:54:19,376 - org.eclipse.equinox.util - 1.0.200.v20100503
2011-09-23 08:54:19,376 - org.eclipse.equinox.preferences - 3.3.0.v20100503
2011-09-23 08:54:19,376 - org.eclipse.equinox.registry - 3.5.0.v20100503
2011-09-23 08:54:19,392 - org.eclipse.equinox.launcher - 1.1.0.v20100507
2011-09-23 08:54:19,392 - org.eclipse.equinox.launcher.win32.win32.x86 - 1.1.1.R36x_v20100810
2011-09-23 08:54:19,392 - com.motorolamobility.preflighting - 0.7.1.release
2011-09-23 08:54:19,392 - com.motorolamobility.preflighting.core - 0.7.1.release
2011-09-23 08:54:19,392 - com.motorolamobility.preflighting.checkers - 0.7.1.release
2011-09-23 08:54:19,392 - org.eclipse.emf.mapping.ecore - 2.6.0.v20100914-1218
2011-09-23 08:54:19,407 - org.eclipse.emf.mapping.ecore2ecore - 2.5.0.v20100521-1847
2011-09-23 08:54:19,407 - org.eclipse.emf.mapping.ecore2xml - 2.5.0.v20100521-1847
2011-09-23 08:54:19,407 - org.eclipse.wst.jsdt.core - 1.1.2.v201009011528
2011-09-23 08:54:19,407 - org.eclipse.wst.jsdt.manipulation - 1.0.200.v201004150600
2011-09-23 08:54:19,423 - org.eclipse.wst.jsdt.ui - 1.1.2.v201009010353
2011-09-23 08:54:19,423 - org.eclipse.wst.jsdt.support.firefox - 1.0.300.v201004150600
2011-09-23 08:54:19,423 - org.eclipse.wst.jsdt.support.ie - 1.0.300.v201004150600
2011-09-23 08:54:19,423 - org.eclipse.wst.jsdt.doc - 1.0.301.v201007150153
2011-09-23 08:54:19,423 - org.eclipse.wst.jsdt.debug.core - 1.0.1.v201008170101
2011-09-23 08:54:19,423 - org.eclipse.wst.jsdt.debug.rhino - 1.0.1.v201008170101
2011-09-23 08:54:19,423 - org.eclipse.wst.jsdt.debug.rhino.debugger - 1.0.1.v201008170101
2011-09-23 08:54:19,438 - org.eclipse.wst.jsdt.debug.ui - 1.0.1.v201008170101
2011-09-23 08:54:19,438 - org.mozilla.javascript - 1.7.2.v201005080400
2011-09-23 08:54:19,438 - org.eclipse.emf.mapping.ui - 2.6.0.v20100914-1218
2011-09-23 08:54:19,438 - org.eclipse.emf.codegen - 2.6.0.v20100914-1218
